-------------------------------------------------------------------------------
Test set: com.example.demo.Bookstore2ApplicationTests
-------------------------------------------------------------------------------
Tests run: 1, Failures: 0, Errors: 1, Skipped: 0, Time elapsed: 0.511 s <<< FAILURE! - in com.example.demo.Bookstore2ApplicationTests
com.example.demo.Bookstore2ApplicationTests  Time elapsed: 0.508 s  <<< ERROR!
java.lang.IllegalStateException: Unable to find a @SpringBootConfiguration, you need to use @ContextConfiguration or @SpringBootTest(classes=...) with your test

